TN:
SF:src/practica/funko/enumerados.ts
FN:17,tipoFunko
FN:53,generoFunko
FNF:2
FNH:2
FNDA:5,tipoFunko
FNDA:7,generoFunko
DA:1,1
DA:2,1
DA:3,1
DA:4,1
DA:5,1
DA:6,1
DA:7,1
DA:8,1
DA:9,1
DA:10,1
DA:11,1
DA:12,1
DA:13,1
DA:14,1
DA:15,1
DA:16,1
DA:17,1
DA:18,5
DA:19,5
DA:20,1
DA:21,5
DA:22,1
DA:23,5
DA:24,1
DA:25,5
DA:26,1
DA:27,5
DA:28,1
DA:29,5
DA:30,5
DA:31,1
DA:32,1
DA:33,1
DA:34,1
DA:35,1
DA:36,1
DA:37,1
DA:38,1
DA:39,1
DA:40,1
DA:41,1
DA:42,1
DA:43,1
DA:44,1
DA:45,1
DA:46,1
DA:47,1
DA:48,1
DA:49,1
DA:50,1
DA:51,1
DA:52,1
DA:53,1
DA:54,7
DA:55,7
DA:56,1
DA:57,7
DA:58,1
DA:59,7
DA:60,1
DA:61,7
DA:62,1
DA:63,7
DA:64,1
DA:65,7
DA:66,1
DA:67,7
DA:68,1
DA:69,7
DA:70,7
LF:70
LH:70
BRDA:4,0,0,1
BRDA:17,1,0,5
BRDA:19,2,0,1
BRDA:21,3,0,1
BRDA:23,4,0,1
BRDA:25,5,0,1
BRDA:27,6,0,1
BRDA:37,7,0,1
BRDA:53,8,0,7
BRDA:55,9,0,1
BRDA:57,10,0,1
BRDA:59,11,0,1
BRDA:61,12,0,1
BRDA:63,13,0,1
BRDA:65,14,0,1
BRDA:67,15,0,1
BRF:16
BRH:16
end_of_record
TN:
SF:src/practica/funko/funko.ts
FN:23,Funko
FN:30,get Id
FN:35,get Nombre
FN:40,get Valor
FN:47,toString
FNF:5
FNH:5
FNDA:96,Funko
FNDA:70,get Id
FNDA:3,get Nombre
FNDA:1,get Valor
FNDA:8,toString
DA:1,1
DA:2,1
DA:3,1
DA:4,1
DA:5,1
DA:6,1
DA:7,1
DA:8,1
DA:9,1
DA:10,1
DA:11,1
DA:12,1
DA:13,1
DA:14,1
DA:15,1
DA:16,1
DA:17,1
DA:18,1
DA:19,1
DA:20,1
DA:21,1
DA:22,1
DA:23,1
DA:24,96
DA:25,96
DA:26,1
DA:27,1
DA:28,1
DA:29,1
DA:30,1
DA:31,1
DA:32,1
DA:33,1
DA:34,1
DA:35,1
DA:36,1
DA:37,1
DA:38,1
DA:39,1
DA:40,1
DA:41,1
DA:42,1
DA:43,1
DA:44,1
DA:45,1
DA:46,1
DA:47,1
DA:48,8
DA:49,8
DA:50,8
DA:51,8
DA:52,8
DA:53,8
DA:54,8
DA:55,8
DA:56,8
DA:57,8
DA:58,2
DA:59,8
DA:60,2
DA:61,6
DA:62,2
DA:63,2
DA:64,2
DA:65,2
DA:66,0
DA:67,0
DA:68,8
DA:69,8
DA:70,1
LF:70
LH:68
BRDA:23,0,0,96
BRDA:30,1,0,70
BRDA:35,2,0,3
BRDA:40,3,0,1
BRDA:47,4,0,8
BRDA:57,5,0,2
BRDA:59,6,0,6
BRDA:59,7,0,2
BRDA:61,8,0,4
BRDA:61,9,0,2
BRDA:65,10,0,0
BRF:11
BRH:10
end_of_record
TN:
SF:src/practica/funko/manejadorJSON.ts
FN:17,existeUsuario
FN:32,extraerFunkos
FN:59,existeFunko
FN:76,getFunko
FN:93,agregarFunkoDB
FN:127,eliminarFunkoDB
FN:155,modificarFunkoDB
FN:188,listarFunkoDB
FN:209,mostrarFunkoDB
FNF:9
FNH:8
FNDA:11,existeUsuario
FNDA:21,extraerFunkos
FNDA:12,existeFunko
FNDA:7,getFunko
FNDA:2,agregarFunkoDB
FNDA:3,eliminarFunkoDB
FNDA:0,modificarFunkoDB
FNDA:2,listarFunkoDB
FNDA:2,mostrarFunkoDB
DA:1,1
DA:2,1
DA:3,1
DA:4,1
DA:5,1
DA:6,1
DA:7,1
DA:8,1
DA:9,1
DA:10,1
DA:11,1
DA:12,1
DA:13,1
DA:14,1
DA:15,1
DA:16,1
DA:17,1
DA:18,11
DA:19,0
DA:20,11
DA:21,11
DA:22,11
DA:23,0
DA:24,0
DA:25,1
DA:26,1
DA:27,1
DA:28,1
DA:29,1
DA:30,1
DA:31,1
DA:32,1
DA:33,21
DA:34,21
DA:35,21
DA:36,0
DA:37,21
DA:38,21
DA:39,21
DA:40,21
DA:41,87
DA:42,87
DA:43,0
DA:44,87
DA:45,87
DA:46,87
DA:47,87
DA:48,87
DA:49,21
DA:50,21
DA:51,1
DA:52,1
DA:53,1
DA:54,1
DA:55,1
DA:56,1
DA:57,1
DA:58,1
DA:59,1
DA:60,12
DA:61,12
DA:62,44
DA:63,7
DA:64,7
DA:65,44
DA:66,5
DA:67,5
DA:68,1
DA:69,1
DA:70,1
DA:71,1
DA:72,1
DA:73,1
DA:74,1
DA:75,1
DA:76,1
DA:77,7
DA:78,7
DA:79,23
DA:80,6
DA:81,6
DA:82,23
DA:83,1
DA:84,1
DA:85,1
DA:86,1
DA:87,1
DA:88,1
DA:89,1
DA:90,1
DA:91,1
DA:92,1
DA:93,1
DA:94,2
DA:95,2
DA:96,1
DA:97,1
DA:98,1
DA:99,0
DA:100,0
DA:101,1
DA:102,1
DA:103,1
DA:104,1
DA:105,1
DA:106,2
DA:107,0
DA:108,0
DA:109,0
DA:110,0
DA:111,0
DA:112,0
DA:113,0
DA:114,0
DA:115,0
DA:116,0
DA:117,0
DA:118,0
DA:119,1
DA:120,1
DA:121,1
DA:122,1
DA:123,1
DA:124,1
DA:125,1
DA:126,1
DA:127,1
DA:128,3
DA:129,3
DA:130,1
DA:131,1
DA:132,1
DA:133,0
DA:134,1
DA:135,1
DA:136,1
DA:137,1
DA:138,1
DA:139,3
DA:140,2
DA:141,2
DA:142,3
DA:143,0
DA:144,0
DA:145,3
DA:146,1
DA:147,1
DA:148,1
DA:149,1
DA:150,1
DA:151,1
DA:152,1
DA:153,1
DA:154,1
DA:155,1
DA:156,0
DA:157,0
DA:158,0
DA:159,0
DA:160,0
DA:161,0
DA:162,0
DA:163,0
DA:164,0
DA:165,0
DA:166,0
DA:167,0
DA:168,0
DA:169,0
DA:170,0
DA:171,0
DA:172,0
DA:173,0
DA:174,0
DA:175,0
DA:176,0
DA:177,0
DA:178,0
DA:179,0
DA:180,1
DA:181,1
DA:182,1
DA:183,1
DA:184,1
DA:185,1
DA:186,1
DA:187,1
DA:188,1
DA:189,2
DA:190,1
DA:191,1
DA:192,1
DA:193,4
DA:194,4
DA:195,1
DA:196,1
DA:197,1
DA:198,1
DA:199,2
DA:200,1
DA:201,1
DA:202,1
DA:203,1
DA:204,1
DA:205,1
DA:206,1
DA:207,1
DA:208,1
DA:209,1
DA:210,2
DA:211,2
DA:212,1
DA:213,1
DA:214,1
DA:215,1
DA:216,0
DA:217,1
DA:218,1
DA:219,1
DA:220,2
DA:221,0
DA:222,0
DA:223,2
DA:224,1
LF:224
LH:175
BRDA:17,0,0,11
BRDA:18,1,0,0
BRDA:23,2,0,0
BRDA:32,3,0,21
BRDA:35,4,0,0
BRDA:40,5,0,87
BRDA:42,6,0,0
BRDA:59,7,0,12
BRDA:61,8,0,44
BRDA:62,9,0,7
BRDA:66,10,0,5
BRDA:76,11,0,7
BRDA:78,12,0,23
BRDA:79,13,0,6
BRDA:83,14,0,1
BRDA:93,15,0,2
BRDA:95,16,0,1
BRDA:98,17,0,0
BRDA:106,18,0,0
BRDA:127,19,0,3
BRDA:129,20,0,1
BRDA:132,21,0,0
BRDA:139,22,0,2
BRDA:142,23,0,0
BRDA:188,24,0,2
BRDA:189,25,0,1
BRDA:192,26,0,4
BRDA:209,27,0,2
BRDA:211,28,0,1
BRDA:216,29,0,0
BRDA:220,30,0,0
BRF:31
BRH:21
end_of_record
